17:44:37,327  INFO CGE:148 - Application Context given by IDE, already created and still alive
17:44:37,611  INFO CGE:148 - Application Context given by IDE, already created and still alive
17:44:37,643  INFO CGE:148 - Application Context given by IDE, already created and still alive
17:44:37,977  INFO CGE:148 - Application Context given by IDE, already created and still alive
17:44:57,516  INFO JettyLOG:32 - jetty-6.1.11
17:44:58,493  INFO JettyLOG:32 - org.mortbay.jetty.plus.webapp.Configuration does not support annotations on source. Use org.mortbay.jetty.annotations.Configuration instead
17:44:58,496  INFO JettyLOG:32 - No Transaction manager found - if your webapp requires one, please configure one.
17:44:58,817 DEBUG DCFilter:139 - Loading deafult log init handler
17:44:58,820 DEBUG DCFilter:143 - NDC Filter initialized
17:44:58,956 DEBUG KonyWebCommon:55 - initializing webcommon servlet
17:44:58,973 DEBUG WAPConfigUtility:55 - Trying to load Resource Bundle - /Users/fernandofernandes/Documents/Projects/Software/singledev/sicredi-paintcode-kony/Kony/middleware/middleware-bootconfig/tc/KonyPaintCode.properties
17:44:58,974 DEBUG WAPConfigUtility:55 - Unable to load Resource Bundle - as file doesn't exists in :  /Users/fernandofernandes/Documents/Projects/Software/singledev/sicredi-paintcode-kony/Kony/middleware/middleware-bootconfig/tc/KonyPaintCode.properties
17:44:59,133  INFO JettyLOG:32 - No Transaction manager found - if your webapp requires one, please configure one.
17:44:59,313  INFO JettyLOG:32 - org.mortbay.jetty.plus.webapp.Configuration does not support annotations on source. Use org.mortbay.jetty.annotations.Configuration instead
17:44:59,314  INFO JettyLOG:32 - No Transaction manager found - if your webapp requires one, please configure one.
17:44:59,652 DEBUG DCFilter:139 - Loading deafult log init handler
17:44:59,668 DEBUG DCFilter:143 - NDC Filter initialized
17:44:59,835  INFO JettyLOG:32 - No Transaction manager found - if your webapp requires one, please configure one.
17:44:59,884  INFO JettyLOG:32 - Started {}
17:44:59,884  INFO JettyLOG:33 - SelectChannelConnector@0.0.0.0:8888
17:44:59,919  INFO JettyLOG:32 - Started {}
17:44:59,924  INFO JettyLOG:33 - SslSocketConnector@0.0.0.0:8443
17:45:10,505  INFO JettyLOG:32 - Shutdown hook executing
17:45:10,506  INFO JettyLOG:32 - Shutdown hook complete
